<?xml version="1.0" encoding="UTF-8"?>
<testng-results ignored="0" total="2" passed="2" failed="0" skipped="0">
  <reporter-output>
  </reporter-output>
  <suite started-at="2020-08-18T07:47:10 ART" name="Default suite" finished-at="2020-08-18T07:47:13 ART" duration-ms="3458">
    <groups>
    </groups>
    <test started-at="2020-08-18T07:47:10 ART" name="Default test" finished-at="2020-08-18T07:47:13 ART" duration-ms="3458">
      <class name="com.dynm.api.ML_GET_NOTEBOOK">
        <test-method signature="a_GET_NOTEBOOK_ID()[pri:0, instance:com.dynm.api.ML_GET_NOTEBOOK@37918c79]" started-at="2020-08-18T07:47:10 ART" name="a_GET_NOTEBOOK_ID" finished-at="2020-08-18T07:47:12 ART" duration-ms="2716" status="PASS">
          <reporter-output>
          </reporter-output>
        </test-method> <!-- a_GET_NOTEBOOK_ID -->
        <test-method signature="b_GET_NOTEBOOK_DETAILS()[pri:0, instance:com.dynm.api.ML_GET_NOTEBOOK@37918c79]" started-at="2020-08-18T07:47:12 ART" name="b_GET_NOTEBOOK_DETAILS" finished-at="2020-08-18T07:47:13 ART" duration-ms="715" status="PASS">
          <reporter-output>
          </reporter-output>
        </test-method> <!-- b_GET_NOTEBOOK_DETAILS -->
      </class> <!-- com.dynm.api.ML_GET_NOTEBOOK -->
    </test> <!-- Default test -->
  </suite> <!-- Default suite -->
</testng-results>
